1.260000000000000000e+02 2.800000000000000000e+02
1.310000000000000000e+02 2.710000000000000000e+02
1.310000000000000000e+02 2.890000000000000000e+02
1.450000000000000000e+02 2.890000000000000000e+02
1.530000000000000000e+02 2.730000000000000000e+02
1.530000000000000000e+02 2.880000000000000000e+02
1.550000000000000000e+02 3.710000000000000000e+02
1.590000000000000000e+02 2.540000000000000000e+02
1.590000000000000000e+02 3.070000000000000000e+02
1.670000000000000000e+02 3.930000000000000000e+02
1.690000000000000000e+02 3.600000000000000000e+02
1.700000000000000000e+02 4.000000000000000000e+02
1.830000000000000000e+02 8.800000000000000000e+01
1.830000000000000000e+02 9.900000000000000000e+01
1.840000000000000000e+02 5.490000000000000000e+02
1.840000000000000000e+02 5.610000000000000000e+02
1.860000000000000000e+02 2.660000000000000000e+02
1.870000000000000000e+02 2.950000000000000000e+02
1.900000000000000000e+02 1.580000000000000000e+02
1.900000000000000000e+02 4.630000000000000000e+02
1.910000000000000000e+02 1.910000000000000000e+02
1.910000000000000000e+02 2.360000000000000000e+02
1.910000000000000000e+02 4.180000000000000000e+02
1.910000000000000000e+02 4.480000000000000000e+02
1.910000000000000000e+02 4.970000000000000000e+02
1.920000000000000000e+02 2.640000000000000000e+02
1.950000000000000000e+02 1.310000000000000000e+02
1.960000000000000000e+02 5.230000000000000000e+02
2.000000000000000000e+02 3.600000000000000000e+02
2.010000000000000000e+02 3.930000000000000000e+02
2.040000000000000000e+02 2.560000000000000000e+02
2.050000000000000000e+02 3.050000000000000000e+02
2.090000000000000000e+02 2.650000000000000000e+02
2.090000000000000000e+02 2.970000000000000000e+02
2.120000000000000000e+02 3.520000000000000000e+02
2.120000000000000000e+02 4.020000000000000000e+02
2.160000000000000000e+02 2.650000000000000000e+02
2.170000000000000000e+02 3.610000000000000000e+02
2.180000000000000000e+02 3.930000000000000000e+02
2.190000000000000000e+02 2.370000000000000000e+02
2.190000000000000000e+02 4.180000000000000000e+02
2.260000000000000000e+02 8.200000000000000000e+01
2.260000000000000000e+02 5.430000000000000000e+02
2.260000000000000000e+02 5.690000000000000000e+02
2.280000000000000000e+02 1.130000000000000000e+02
2.350000000000000000e+02 7.600000000000000000e+01
2.350000000000000000e+02 1.380000000000000000e+02
2.350000000000000000e+02 5.150000000000000000e+02
2.410000000000000000e+02 1.070000000000000000e+02
2.420000000000000000e+02 5.450000000000000000e+02
2.430000000000000000e+02 1.430000000000000000e+02
2.430000000000000000e+02 5.110000000000000000e+02
2.440000000000000000e+02 2.580000000000000000e+02
2.440000000000000000e+02 3.950000000000000000e+02
2.480000000000000000e+02 3.410000000000000000e+02
2.500000000000000000e+02 3.120000000000000000e+02
2.510000000000000000e+02 2.540000000000000000e+02
2.510000000000000000e+02 3.990000000000000000e+02
2.550000000000000000e+02 3.460000000000000000e+02
2.610000000000000000e+02 3.170000000000000000e+02
2.610000000000000000e+02 3.400000000000000000e+02
2.770000000000000000e+02 5.390000000000000000e+02
2.780000000000000000e+02 1.140000000000000000e+02
2.800000000000000000e+02 2.360000000000000000e+02
2.800000000000000000e+02 2.550000000000000000e+02
2.800000000000000000e+02 3.420000000000000000e+02
2.800000000000000000e+02 3.530000000000000000e+02
2.810000000000000000e+02 1.910000000000000000e+02
2.860000000000000000e+02 4.030000000000000000e+02
2.860000000000000000e+02 4.190000000000000000e+02
2.870000000000000000e+02 3.080000000000000000e+02
2.900000000000000000e+02 3.470000000000000000e+02
2.900000000000000000e+02 4.700000000000000000e+02
2.910000000000000000e+02 2.460000000000000000e+02
2.910000000000000000e+02 4.800000000000000000e+02
2.930000000000000000e+02 7.100000000000000000e+01
2.930000000000000000e+02 1.880000000000000000e+02
2.930000000000000000e+02 2.390000000000000000e+02
2.940000000000000000e+02 1.760000000000000000e+02
2.960000000000000000e+02 4.160000000000000000e+02
2.960000000000000000e+02 5.830000000000000000e+02
2.970000000000000000e+02 4.080000000000000000e+02
2.980000000000000000e+02 4.730000000000000000e+02
3.040000000000000000e+02 6.200000000000000000e+01
3.140000000000000000e+02 6.200000000000000000e+01
3.210000000000000000e+02 3.100000000000000000e+01
3.260000000000000000e+02 1.070000000000000000e+02
3.270000000000000000e+02 3.340000000000000000e+02
3.300000000000000000e+02 1.760000000000000000e+02
3.300000000000000000e+02 2.340000000000000000e+02
3.370000000000000000e+02 2.170000000000000000e+02
3.370000000000000000e+02 3.390000000000000000e+02
3.420000000000000000e+02 5.560000000000000000e+02
3.450000000000000000e+02 3.310000000000000000e+02
3.450000000000000000e+02 4.480000000000000000e+02
3.450000000000000000e+02 5.660000000000000000e+02
