3.470000000000000000e+02 2.000000000000000000e+00
3.440000000000000000e+02 3.720000000000000000e+02
2.030000000000000000e+02 4.050000000000000000e+02
4.480000000000000000e+02 4.400000000000000000e+02
3.680000000000000000e+02 1.740000000000000000e+02
3.970000000000000000e+02 2.930000000000000000e+02
4.380000000000000000e+02 3.370000000000000000e+02
1.140000000000000000e+02 4.240000000000000000e+02
3.580000000000000000e+02 4.220000000000000000e+02
4.090000000000000000e+02 2.130000000000000000e+02
4.660000000000000000e+02 4.070000000000000000e+02
4.890000000000000000e+02 4.920000000000000000e+02
2.630000000000000000e+02 1.580000000000000000e+02
4.140000000000000000e+02 3.650000000000000000e+02
1.130000000000000000e+02 2.600000000000000000e+01
3.730000000000000000e+02 4.850000000000000000e+02
2.710000000000000000e+02 2.140000000000000000e+02
6.300000000000000000e+01 3.710000000000000000e+02
4.280000000000000000e+02 4.150000000000000000e+02
3.000000000000000000e+02 3.500000000000000000e+02
1.320000000000000000e+02 4.060000000000000000e+02
3.790000000000000000e+02 4.840000000000000000e+02
7.500000000000000000e+01 4.660000000000000000e+02
4.720000000000000000e+02 4.740000000000000000e+02
4.520000000000000000e+02 4.410000000000000000e+02
3.110000000000000000e+02 2.000000000000000000e+01
